<?xml version="1.0" encoding="UTF-8"?>
<!-- Generated by org.testng.reporters.JUnitXMLReporter -->
<testsuite ignored="0" hostname="LAPTOP-C47L2146" failures="0" tests="3" name="Default test" time="6.045" errors="0" timestamp="2023-10-27T13:43:39 IST">
  <testcase classname="com.hcl.api.HTTPRequestsNew" name="getSingleUser" time="2.395"/>
  <testcase classname="com.hcl.api.HTTPRequestsNew" name="testGetRequest" time="0.281"/>
  <testcase classname="com.hcl.api.HTTPRequestsNew" name="testPostRequest" time="3.307"/>
</testsuite> <!-- Default test -->
