<?xml version="1.0" encoding="UTF-8"?>
<!-- Generated by org.testng.reporters.JUnitXMLReporter -->
<testsuite ignored="0" hostname="DESKTOP-EQRSAKF" failures="0" tests="3" name="Default test" time="3.022" errors="0" timestamp="2023-10-12T04:46:40 IST">
  <testcase classname="com.org.ssbms.BasicCRUDRestAPITests" name="deleteCricketerDetailsviaID" time="1.557"/>
  <testcase classname="com.org.ssbms.BasicCRUDRestAPITests" name="testGetCricketersDetails" time="0.102"/>
  <testcase classname="com.org.ssbms.BasicCRUDRestAPITests" name="testGetCricketersDetailsBasedonID" time="0.128"/>
</testsuite> <!-- Default test -->
