<?xml version="1.0" encoding="UTF-8"?>
<!-- Generated by org.testng.reporters.JUnitXMLReporter -->
<testsuite ignored="0" hostname="DESKTOP-EQRSAKF" failures="0" tests="4" name="Test" time="8.519" errors="0" timestamp="2023-08-07T20:57:44 IST">
  <testcase classname="com.hcl.api.CreateUserRestAPI" name="createUserViaFakerJavaLibrary" time="5.27"/>
  <testcase classname="com.hcl.api.GetUserRestAPI" name="testGetUser" time="0.701"/>
  <testcase classname="com.hcl.api.UpdateUser" name="createUserViaFakerJavaLibrary" time="0.502"/>
  <testcase classname="com.hcl.api.DeleteUserRestAPI" name="testGetUser" time="1.925"/>
</testsuite> <!-- Test -->
