<?xml version="1.0" encoding="UTF-8"?>
<testng-results ignored="0" total="3" passed="3" failed="0" skipped="0">
  <reporter-output>
  </reporter-output>
  <suite started-at="2023-10-12T04:46:37 IST" name="Default suite" finished-at="2023-10-12T04:46:40 IST" duration-ms="3022">
    <groups>
    </groups>
    <test started-at="2023-10-12T04:46:37 IST" name="Default test" finished-at="2023-10-12T04:46:40 IST" duration-ms="3022">
      <class name="com.org.ssbms.BasicCRUDRestAPITests">
        <test-method is-config="true" signature="setUp()[pri:0, instance:com.org.ssbms.BasicCRUDRestAPITests@51e69659]" started-at="2023-10-12T04:46:37 IST" name="setUp" finished-at="2023-10-12T04:46:38 IST" duration-ms="1102" status="PASS">
          <reporter-output>
          </reporter-output>
        </test-method> <!-- setUp -->
        <test-method signature="deleteCricketerDetailsviaID()[pri:0, instance:com.org.ssbms.BasicCRUDRestAPITests@51e69659]" started-at="2023-10-12T04:46:38 IST" name="deleteCricketerDetailsviaID" finished-at="2023-10-12T04:46:39 IST" duration-ms="1557" status="PASS">
          <reporter-output>
          </reporter-output>
        </test-method> <!-- deleteCricketerDetailsviaID -->
        <test-method is-config="true" signature="setUp()[pri:0, instance:com.org.ssbms.BasicCRUDRestAPITests@51e69659]" started-at="2023-10-12T04:46:39 IST" name="setUp" finished-at="2023-10-12T04:46:39 IST" duration-ms="4" status="PASS">
          <reporter-output>
          </reporter-output>
        </test-method> <!-- setUp -->
        <test-method signature="testGetCricketersDetails()[pri:0, instance:com.org.ssbms.BasicCRUDRestAPITests@51e69659]" started-at="2023-10-12T04:46:39 IST" name="testGetCricketersDetails" finished-at="2023-10-12T04:46:39 IST" duration-ms="102" status="PASS">
          <reporter-output>
          </reporter-output>
        </test-method> <!-- testGetCricketersDetails -->
        <test-method is-config="true" signature="setUp()[pri:0, instance:com.org.ssbms.BasicCRUDRestAPITests@51e69659]" started-at="2023-10-12T04:46:39 IST" name="setUp" finished-at="2023-10-12T04:46:39 IST" duration-ms="5" status="PASS">
          <reporter-output>
          </reporter-output>
        </test-method> <!-- setUp -->
        <test-method signature="testGetCricketersDetailsBasedonID()[pri:0, instance:com.org.ssbms.BasicCRUDRestAPITests@51e69659]" started-at="2023-10-12T04:46:39 IST" name="testGetCricketersDetailsBasedonID" finished-at="2023-10-12T04:46:40 IST" duration-ms="128" status="PASS">
          <reporter-output>
          </reporter-output>
        </test-method> <!-- testGetCricketersDetailsBasedonID -->
      </class> <!-- com.org.ssbms.BasicCRUDRestAPITests -->
    </test> <!-- Default test -->
  </suite> <!-- Default suite -->
</testng-results>
