<?xml version="1.0" encoding="UTF-8"?>
<testng-results ignored="0" total="3" passed="3" failed="0" skipped="0">
  <reporter-output>
  </reporter-output>
  <suite started-at="2023-10-27T13:43:33 IST" name="Default suite" finished-at="2023-10-27T13:43:39 IST" duration-ms="6045">
    <groups>
    </groups>
    <test started-at="2023-10-27T13:43:33 IST" name="Default test" finished-at="2023-10-27T13:43:39 IST" duration-ms="6045">
      <class name="com.hcl.api.HTTPRequestsNew">
        <test-method signature="getSingleUser()[pri:0, instance:com.hcl.api.HTTPRequestsNew@437da279]" started-at="2023-10-27T13:43:33 IST" name="getSingleUser" finished-at="2023-10-27T13:43:35 IST" duration-ms="2395" status="PASS">
          <reporter-output>
          </reporter-output>
        </test-method> <!-- getSingleUser -->
        <test-method signature="testGetRequest()[pri:0, instance:com.hcl.api.HTTPRequestsNew@437da279]" started-at="2023-10-27T13:43:35 IST" name="testGetRequest" finished-at="2023-10-27T13:43:35 IST" duration-ms="281" status="PASS">
          <reporter-output>
          </reporter-output>
        </test-method> <!-- testGetRequest -->
        <test-method signature="testPostRequest()[pri:0, instance:com.hcl.api.HTTPRequestsNew@437da279]" started-at="2023-10-27T13:43:35 IST" name="testPostRequest" finished-at="2023-10-27T13:43:39 IST" duration-ms="3307" status="PASS">
          <reporter-output>
          </reporter-output>
        </test-method> <!-- testPostRequest -->
      </class> <!-- com.hcl.api.HTTPRequestsNew -->
    </test> <!-- Default test -->
  </suite> <!-- Default suite -->
</testng-results>
